<?xml version="1.0" encoding="UTF-8"?>
<testsuite xmlns:xsi="http://www.w3.org/2001/XMLSchema-instance" xsi:noNamespaceSchemaLocation="https://maven.apache.org/surefire/maven-surefire-plugin/xsd/surefire-test-report.xsd" version="3.0.2" name="com.example.myapp.MyappApplicationTests" time="0.887" tests="1" errors="0" skipped="0" failures="0">
  <properties>
[...]
</properties>
  <testcase name="contextLoads" classname="com.example.myapp.MyappApplicationTests" time="0.34">
    <system-out><![CDATA[20:34:34.491 [main] INFO org.springframework.test.context.support.AnnotationConfigContextLoaderUtils -- Could not detect default configuration classes for test class [com.example.myapp.MyappApplicationTests]: MyappApplicationTests does not declare any static, non-private, non-final, nested classes annotated with @Configuration.
20:34:34.549 [main] INFO org.springframework.boot.test.context.SpringBootTestContextBootstrapper -- Found @SpringBootConfiguration com.example.myapp.MyappApplication for test class com.example.myapp.MyappApplicationTests

  .   ____          _            __ _ _
 /\\ / ___'_ __ _ _(_)_ __  __ _ \ \ \ \
( ( )\___ | '_ | '_| | '_ \/ _` | \ \ \ \
 \\/  ___)| |_)| | | | | || (_| |  ) ) ) )
  '  |____| .__|_| |_|_| |_\__, | / / / /
 =========|_|==============|___/=/_/_/_/

 :: Spring Boot ::                (v3.5.0)

2025-07-03T20:34:34.681+05:30  INFO 29933 --- [myapp] [           main] c.example.myapp.MyappApplicationTests    : Starting MyappApplicationTests using Java 17.0.14 with PID 29933 (started by harsinransandhu in /Users/harsinransandhu/Documents/cloudlite-app)
2025-07-03T20:34:34.682+05:30  INFO 29933 --- [myapp] [           main] c.example.myapp.MyappApplicationTests    : No active profile set, falling back to 1 default profile: "default"
2025-07-03T20:34:34.992+05:30  INFO 29933 --- [myapp] [           main] c.example.myapp.MyappApplicationTests    : Started MyappApplicationTests in 0.399 seconds (process running for 0.782)
]]></system-out>
  </testcase>
</testsuite>